<?xml version="1.0" encoding="UTF-8"?>
<testsuite name="com.github.axthosarouris.HandlerTest" tests="1" skipped="0" failures="0" errors="0" timestamp="2022-12-27T08:49:55" hostname="apollo" time="1.461">
  <properties/>
  <testcase name="shouldPutRecordIntoKinesisStream()" classname="com.github.axthosarouris.HandlerTest" time="1.461"/>
  <system-out><![CDATA[]]></system-out>
  <system-err><![CDATA[]]></system-err>
</testsuite>
